<?xml version="1.0" encoding="UTF-8"?>
<testng-results skipped="0" failed="0" total="1" passed="1">
  <reporter-output>
  </reporter-output>
  <suite name="Default suite" duration-ms="25" started-at="2020-06-01T18:28:31Z" finished-at="2020-06-01T18:28:31Z">
    <groups>
    </groups>
    <test name="Default test" duration-ms="25" started-at="2020-06-01T18:28:31Z" finished-at="2020-06-01T18:28:31Z">
      <class name="TestPackage.TestClass2">
        <test-method status="PASS" signature="TestClass2Method1()[pri:0, instance:TestPackage.TestClass2@9629756]" name="TestClass2Method1" duration-ms="10" started-at="2020-06-01T23:58:31Z" finished-at="2020-06-01T23:58:31Z">
          <reporter-output>
          </reporter-output>
        </test-method> <!-- TestClass2Method1 -->
      </class> <!-- TestPackage.TestClass2 -->
    </test> <!-- Default test -->
  </suite> <!-- Default suite -->
</testng-results>
